2015-05-06 17:09:14,496 INFO c.b.t.t.m.deadlock.TestThreadLocked [main] start
2015-05-06 17:09:14,497 DEBUG c.b.t.t.r.RunnableDemo [main] Starting Thread-1 
2015-05-06 17:09:14,497 DEBUG c.b.t.t.r.RunnableDemo [main] Starting Thread-2 
2015-05-06 17:09:14,497 DEBUG c.b.t.t.r.RunnableDemo [Thread-1] Running Thread-1 
2015-05-06 17:09:14,497 DEBUG c.b.t.t.r.RunnableDemo [Thread-1] Thread: Thread-1, 100 
2015-05-06 17:09:14,497 DEBUG c.b.t.t.r.RunnableDemo [main] Starting Thread-3 
2015-05-06 17:09:14,497 DEBUG c.b.t.t.r.RunnableDemo [Thread-2] Running Thread-2 
2015-05-06 17:09:14,497 DEBUG c.b.t.t.r.RunnableDemo [main] Starting Thread-4 
2015-05-06 17:09:14,497 DEBUG c.b.t.t.r.RunnableDemo [Thread-2] Thread: Thread-2, 100 
2015-05-06 17:09:14,497 DEBUG c.b.t.t.r.RunnableDemo [Thread-3] Running Thread-3 
2015-05-06 17:09:14,497 INFO c.b.t.t.m.deadlock.TestThreadLocked [main] end
2015-05-06 17:09:14,497 DEBUG c.b.t.t.r.RunnableDemo [Thread-3] Thread: Thread-3, 100 
2015-05-06 17:09:14,497 DEBUG c.b.t.t.r.RunnableDemo [Thread-4] Running Thread-4 
2015-05-06 17:09:14,497 DEBUG c.b.t.t.r.RunnableDemo [Thread-4] Thread: Thread-4, 100 
2015-05-06 17:09:14,498 DEBUG c.b.t.t.r.RunnableDemo [Thread-2] Thread: Thread-2, 99 
2015-05-06 17:09:14,498 DEBUG c.b.t.t.r.RunnableDemo [Thread-3] Thread: Thread-3, 99 
2015-05-06 17:09:14,498 DEBUG c.b.t.t.r.RunnableDemo [Thread-1] Thread: Thread-1, 99 
2015-05-06 17:09:14,498 DEBUG c.b.t.t.r.RunnableDemo [Thread-4] Thread: Thread-4, 99 
2015-05-06 17:09:14,499 DEBUG c.b.t.t.r.RunnableDemo [Thread-3] Thread: Thread-3, 98 
2015-05-06 17:09:14,499 DEBUG c.b.t.t.r.RunnableDemo [Thread-1] Thread: Thread-1, 98 
2015-05-06 17:09:14,499 DEBUG c.b.t.t.r.RunnableDemo [Thread-2] Thread: Thread-2, 98 
2015-05-06 17:09:14,499 DEBUG c.b.t.t.r.RunnableDemo [Thread-4] Thread: Thread-4, 98 
2015-05-06 17:09:14,500 DEBUG c.b.t.t.r.RunnableDemo [Thread-2] Thread: Thread-2, 97 
2015-05-06 17:09:14,500 DEBUG c.b.t.t.r.RunnableDemo [Thread-3] Thread: Thread-3, 97 
2015-05-06 17:09:14,500 DEBUG c.b.t.t.r.RunnableDemo [Thread-4] Thread: Thread-4, 97 
2015-05-06 17:09:14,500 DEBUG c.b.t.t.r.RunnableDemo [Thread-1] Thread: Thread-1, 97 
2015-05-06 17:09:14,501 DEBUG c.b.t.t.r.RunnableDemo [Thread-3] Thread: Thread-3, 96 
2015-05-06 17:09:14,501 DEBUG c.b.t.t.r.RunnableDemo [Thread-2] Thread: Thread-2, 96 
2015-05-06 17:09:14,501 DEBUG c.b.t.t.r.RunnableDemo [Thread-1] Thread: Thread-1, 96 
2015-05-06 17:09:14,501 DEBUG c.b.t.t.r.RunnableDemo [Thread-4] Thread: Thread-4, 96 
2015-05-06 17:09:14,502 DEBUG c.b.t.t.r.RunnableDemo [Thread-1] Thread: Thread-1, 95 
2015-05-06 17:09:14,502 DEBUG c.b.t.t.r.RunnableDemo [Thread-4] Thread: Thread-4, 95 
2015-05-06 17:09:14,502 DEBUG c.b.t.t.r.RunnableDemo [Thread-3] Thread: Thread-3, 95 
2015-05-06 17:09:14,502 DEBUG c.b.t.t.r.RunnableDemo [Thread-2] Thread: Thread-2, 95 
2015-05-06 17:09:14,503 DEBUG c.b.t.t.r.RunnableDemo [Thread-4] Thread: Thread-4, 94 
2015-05-06 17:09:14,503 DEBUG c.b.t.t.r.RunnableDemo [Thread-3] Thread: Thread-3, 94 
2015-05-06 17:09:14,503 DEBUG c.b.t.t.r.RunnableDemo [Thread-2] Thread: Thread-2, 94 
2015-05-06 17:09:14,503 DEBUG c.b.t.t.r.RunnableDemo [Thread-1] Thread: Thread-1, 94 
2015-05-06 17:09:14,504 DEBUG c.b.t.t.r.RunnableDemo [Thread-3] Thread: Thread-3, 93 
2015-05-06 17:09:14,504 DEBUG c.b.t.t.r.RunnableDemo [Thread-4] Thread: Thread-4, 93 
2015-05-06 17:09:14,504 DEBUG c.b.t.t.r.RunnableDemo [Thread-2] Thread: Thread-2, 93 
2015-05-06 17:09:14,504 DEBUG c.b.t.t.r.RunnableDemo [Thread-1] Thread: Thread-1, 93 
2015-05-06 17:09:14,505 DEBUG c.b.t.t.r.RunnableDemo [Thread-2] Thread: Thread-2, 92 
2015-05-06 17:09:14,505 DEBUG c.b.t.t.r.RunnableDemo [Thread-3] Thread: Thread-3, 92 
2015-05-06 17:09:14,505 DEBUG c.b.t.t.r.RunnableDemo [Thread-4] Thread: Thread-4, 92 
2015-05-06 17:09:14,505 DEBUG c.b.t.t.r.RunnableDemo [Thread-1] Thread: Thread-1, 92 
2015-05-06 17:09:14,506 DEBUG c.b.t.t.r.RunnableDemo [Thread-2] Thread: Thread-2, 91 
2015-05-06 17:09:14,506 DEBUG c.b.t.t.r.RunnableDemo [Thread-4] Thread: Thread-4, 91 
2015-05-06 17:09:14,506 DEBUG c.b.t.t.r.RunnableDemo [Thread-1] Thread: Thread-1, 91 
2015-05-06 17:09:14,506 DEBUG c.b.t.t.r.RunnableDemo [Thread-3] Thread: Thread-3, 91 
2015-05-06 17:09:14,507 DEBUG c.b.t.t.r.RunnableDemo [Thread-2] Thread: Thread-2, 90 
2015-05-06 17:09:14,507 DEBUG c.b.t.t.r.RunnableDemo [Thread-3] Thread: Thread-3, 90 
2015-05-06 17:09:14,507 DEBUG c.b.t.t.r.RunnableDemo [Thread-4] Thread: Thread-4, 90 
2015-05-06 17:09:14,507 DEBUG c.b.t.t.r.RunnableDemo [Thread-1] Thread: Thread-1, 90 
2015-05-06 17:09:14,508 DEBUG c.b.t.t.r.RunnableDemo [Thread-2] Thread: Thread-2, 89 
2015-05-06 17:09:14,508 DEBUG c.b.t.t.r.RunnableDemo [Thread-4] Thread: Thread-4, 89 
2015-05-06 17:09:14,508 DEBUG c.b.t.t.r.RunnableDemo [Thread-3] Thread: Thread-3, 89 
2015-05-06 17:09:14,508 DEBUG c.b.t.t.r.RunnableDemo [Thread-1] Thread: Thread-1, 89 
2015-05-06 17:09:14,509 DEBUG c.b.t.t.r.RunnableDemo [Thread-3] Thread: Thread-3, 88 
2015-05-06 17:09:14,509 DEBUG c.b.t.t.r.RunnableDemo [Thread-4] Thread: Thread-4, 88 
2015-05-06 17:09:14,509 DEBUG c.b.t.t.r.RunnableDemo [Thread-2] Thread: Thread-2, 88 
2015-05-06 17:09:14,509 DEBUG c.b.t.t.r.RunnableDemo [Thread-1] Thread: Thread-1, 88 
2015-05-06 17:09:14,510 DEBUG c.b.t.t.r.RunnableDemo [Thread-4] Thread: Thread-4, 87 
2015-05-06 17:09:14,510 DEBUG c.b.t.t.r.RunnableDemo [Thread-3] Thread: Thread-3, 87 
2015-05-06 17:09:14,510 DEBUG c.b.t.t.r.RunnableDemo [Thread-1] Thread: Thread-1, 87 
2015-05-06 17:09:14,510 DEBUG c.b.t.t.r.RunnableDemo [Thread-2] Thread: Thread-2, 87 
2015-05-06 17:09:14,511 DEBUG c.b.t.t.r.RunnableDemo [Thread-3] Thread: Thread-3, 86 
2015-05-06 17:09:14,511 DEBUG c.b.t.t.r.RunnableDemo [Thread-2] Thread: Thread-2, 86 
2015-05-06 17:09:14,511 DEBUG c.b.t.t.r.RunnableDemo [Thread-4] Thread: Thread-4, 86 
2015-05-06 17:09:14,511 DEBUG c.b.t.t.r.RunnableDemo [Thread-1] Thread: Thread-1, 86 
2015-05-06 17:09:14,512 DEBUG c.b.t.t.r.RunnableDemo [Thread-3] Thread: Thread-3, 85 
2015-05-06 17:09:14,512 DEBUG c.b.t.t.r.RunnableDemo [Thread-4] Thread: Thread-4, 85 
2015-05-06 17:09:14,512 DEBUG c.b.t.t.r.RunnableDemo [Thread-1] Thread: Thread-1, 85 
2015-05-06 17:09:14,512 DEBUG c.b.t.t.r.RunnableDemo [Thread-2] Thread: Thread-2, 85 
2015-05-06 17:09:14,513 DEBUG c.b.t.t.r.RunnableDemo [Thread-2] Thread: Thread-2, 84 
2015-05-06 17:09:14,513 DEBUG c.b.t.t.r.RunnableDemo [Thread-1] Thread: Thread-1, 84 
2015-05-06 17:09:14,513 DEBUG c.b.t.t.r.RunnableDemo [Thread-3] Thread: Thread-3, 84 
2015-05-06 17:09:14,513 DEBUG c.b.t.t.r.RunnableDemo [Thread-4] Thread: Thread-4, 84 
2015-05-06 17:09:14,514 DEBUG c.b.t.t.r.RunnableDemo [Thread-3] Thread: Thread-3, 83 
2015-05-06 17:09:14,514 DEBUG c.b.t.t.r.RunnableDemo [Thread-1] Thread: Thread-1, 83 
2015-05-06 17:09:14,514 DEBUG c.b.t.t.r.RunnableDemo [Thread-2] Thread: Thread-2, 83 
2015-05-06 17:09:14,514 DEBUG c.b.t.t.r.RunnableDemo [Thread-4] Thread: Thread-4, 83 
2015-05-06 17:09:14,515 DEBUG c.b.t.t.r.RunnableDemo [Thread-3] Thread: Thread-3, 82 
2015-05-06 17:09:14,515 DEBUG c.b.t.t.r.RunnableDemo [Thread-4] Thread: Thread-4, 82 
2015-05-06 17:09:14,515 DEBUG c.b.t.t.r.RunnableDemo [Thread-1] Thread: Thread-1, 82 
2015-05-06 17:09:14,515 DEBUG c.b.t.t.r.RunnableDemo [Thread-2] Thread: Thread-2, 82 
2015-05-06 17:09:14,516 DEBUG c.b.t.t.r.RunnableDemo [Thread-3] Thread: Thread-3, 81 
2015-05-06 17:09:14,516 DEBUG c.b.t.t.r.RunnableDemo [Thread-4] Thread: Thread-4, 81 
2015-05-06 17:09:14,516 DEBUG c.b.t.t.r.RunnableDemo [Thread-2] Thread: Thread-2, 81 
2015-05-06 17:09:14,516 DEBUG c.b.t.t.r.RunnableDemo [Thread-1] Thread: Thread-1, 81 
2015-05-06 17:09:14,517 DEBUG c.b.t.t.r.RunnableDemo [Thread-2] Thread: Thread-2, 80 
2015-05-06 17:09:14,517 DEBUG c.b.t.t.r.RunnableDemo [Thread-4] Thread: Thread-4, 80 
2015-05-06 17:09:14,517 DEBUG c.b.t.t.r.RunnableDemo [Thread-3] Thread: Thread-3, 80 
2015-05-06 17:09:14,517 DEBUG c.b.t.t.r.RunnableDemo [Thread-1] Thread: Thread-1, 80 
2015-05-06 17:09:14,518 DEBUG c.b.t.t.r.RunnableDemo [Thread-3] Thread: Thread-3, 79 
2015-05-06 17:09:14,518 DEBUG c.b.t.t.r.RunnableDemo [Thread-4] Thread: Thread-4, 79 
2015-05-06 17:09:14,518 DEBUG c.b.t.t.r.RunnableDemo [Thread-1] Thread: Thread-1, 79 
2015-05-06 17:09:14,518 DEBUG c.b.t.t.r.RunnableDemo [Thread-2] Thread: Thread-2, 79 
2015-05-06 17:09:14,519 DEBUG c.b.t.t.r.RunnableDemo [Thread-3] Thread: Thread-3, 78 
2015-05-06 17:09:14,519 DEBUG c.b.t.t.r.RunnableDemo [Thread-2] Thread: Thread-2, 78 
2015-05-06 17:09:14,519 DEBUG c.b.t.t.r.RunnableDemo [Thread-1] Thread: Thread-1, 78 
2015-05-06 17:09:14,519 DEBUG c.b.t.t.r.RunnableDemo [Thread-4] Thread: Thread-4, 78 
2015-05-06 17:09:14,520 DEBUG c.b.t.t.r.RunnableDemo [Thread-3] Thread: Thread-3, 77 
2015-05-06 17:09:14,520 DEBUG c.b.t.t.r.RunnableDemo [Thread-2] Thread: Thread-2, 77 
2015-05-06 17:09:14,520 DEBUG c.b.t.t.r.RunnableDemo [Thread-1] Thread: Thread-1, 77 
2015-05-06 17:09:14,520 DEBUG c.b.t.t.r.RunnableDemo [Thread-4] Thread: Thread-4, 77 
2015-05-06 17:09:14,521 DEBUG c.b.t.t.r.RunnableDemo [Thread-3] Thread: Thread-3, 76 
2015-05-06 17:09:14,521 DEBUG c.b.t.t.r.RunnableDemo [Thread-4] Thread: Thread-4, 76 
2015-05-06 17:09:14,521 DEBUG c.b.t.t.r.RunnableDemo [Thread-1] Thread: Thread-1, 76 
2015-05-06 17:09:14,521 DEBUG c.b.t.t.r.RunnableDemo [Thread-2] Thread: Thread-2, 76 
2015-05-06 17:09:14,522 DEBUG c.b.t.t.r.RunnableDemo [Thread-2] Thread: Thread-2, 75 
2015-05-06 17:09:14,522 DEBUG c.b.t.t.r.RunnableDemo [Thread-3] Thread: Thread-3, 75 
2015-05-06 17:09:14,522 DEBUG c.b.t.t.r.RunnableDemo [Thread-1] Thread: Thread-1, 75 
2015-05-06 17:09:14,522 DEBUG c.b.t.t.r.RunnableDemo [Thread-4] Thread: Thread-4, 75 
2015-05-06 17:09:14,523 DEBUG c.b.t.t.r.RunnableDemo [Thread-2] Thread: Thread-2, 74 
2015-05-06 17:09:14,523 DEBUG c.b.t.t.r.RunnableDemo [Thread-3] Thread: Thread-3, 74 
2015-05-06 17:09:14,523 DEBUG c.b.t.t.r.RunnableDemo [Thread-4] Thread: Thread-4, 74 
2015-05-06 17:09:14,523 DEBUG c.b.t.t.r.RunnableDemo [Thread-1] Thread: Thread-1, 74 
2015-05-06 17:09:14,524 DEBUG c.b.t.t.r.RunnableDemo [Thread-1] Thread: Thread-1, 73 
2015-05-06 17:09:14,524 DEBUG c.b.t.t.r.RunnableDemo [Thread-3] Thread: Thread-3, 73 
2015-05-06 17:09:14,524 DEBUG c.b.t.t.r.RunnableDemo [Thread-2] Thread: Thread-2, 73 
2015-05-06 17:09:14,524 DEBUG c.b.t.t.r.RunnableDemo [Thread-4] Thread: Thread-4, 73 
2015-05-06 17:09:14,525 DEBUG c.b.t.t.r.RunnableDemo [Thread-3] Thread: Thread-3, 72 
2015-05-06 17:09:14,525 DEBUG c.b.t.t.r.RunnableDemo [Thread-1] Thread: Thread-1, 72 
2015-05-06 17:09:14,525 DEBUG c.b.t.t.r.RunnableDemo [Thread-2] Thread: Thread-2, 72 
2015-05-06 17:09:14,525 DEBUG c.b.t.t.r.RunnableDemo [Thread-4] Thread: Thread-4, 72 
2015-05-06 17:09:14,526 DEBUG c.b.t.t.r.RunnableDemo [Thread-3] Thread: Thread-3, 71 
2015-05-06 17:09:14,526 DEBUG c.b.t.t.r.RunnableDemo [Thread-4] Thread: Thread-4, 71 
2015-05-06 17:09:14,526 DEBUG c.b.t.t.r.RunnableDemo [Thread-2] Thread: Thread-2, 71 
2015-05-06 17:09:14,526 DEBUG c.b.t.t.r.RunnableDemo [Thread-1] Thread: Thread-1, 71 
2015-05-06 17:09:14,527 DEBUG c.b.t.t.r.RunnableDemo [Thread-3] Thread: Thread-3, 70 
2015-05-06 17:09:14,527 DEBUG c.b.t.t.r.RunnableDemo [Thread-4] Thread: Thread-4, 70 
2015-05-06 17:09:14,527 DEBUG c.b.t.t.r.RunnableDemo [Thread-1] Thread: Thread-1, 70 
2015-05-06 17:09:14,527 DEBUG c.b.t.t.r.RunnableDemo [Thread-2] Thread: Thread-2, 70 
2015-05-06 17:09:14,528 DEBUG c.b.t.t.r.RunnableDemo [Thread-3] Thread: Thread-3, 69 
2015-05-06 17:09:14,528 DEBUG c.b.t.t.r.RunnableDemo [Thread-4] Thread: Thread-4, 69 
2015-05-06 17:09:14,528 DEBUG c.b.t.t.r.RunnableDemo [Thread-2] Thread: Thread-2, 69 
2015-05-06 17:09:14,528 DEBUG c.b.t.t.r.RunnableDemo [Thread-1] Thread: Thread-1, 69 
2015-05-06 17:09:14,529 DEBUG c.b.t.t.r.RunnableDemo [Thread-4] Thread: Thread-4, 68 
2015-05-06 17:09:14,529 DEBUG c.b.t.t.r.RunnableDemo [Thread-2] Thread: Thread-2, 68 
2015-05-06 17:09:14,529 DEBUG c.b.t.t.r.RunnableDemo [Thread-1] Thread: Thread-1, 68 
2015-05-06 17:09:14,529 DEBUG c.b.t.t.r.RunnableDemo [Thread-3] Thread: Thread-3, 68 
2015-05-06 17:09:14,530 DEBUG c.b.t.t.r.RunnableDemo [Thread-4] Thread: Thread-4, 67 
2015-05-06 17:09:14,530 DEBUG c.b.t.t.r.RunnableDemo [Thread-3] Thread: Thread-3, 67 
2015-05-06 17:09:14,530 DEBUG c.b.t.t.r.RunnableDemo [Thread-1] Thread: Thread-1, 67 
2015-05-06 17:09:14,530 DEBUG c.b.t.t.r.RunnableDemo [Thread-2] Thread: Thread-2, 67 
2015-05-06 17:09:14,531 DEBUG c.b.t.t.r.RunnableDemo [Thread-2] Thread: Thread-2, 66 
2015-05-06 17:09:14,531 DEBUG c.b.t.t.r.RunnableDemo [Thread-3] Thread: Thread-3, 66 
2015-05-06 17:09:14,531 DEBUG c.b.t.t.r.RunnableDemo [Thread-4] Thread: Thread-4, 66 
2015-05-06 17:09:14,531 DEBUG c.b.t.t.r.RunnableDemo [Thread-1] Thread: Thread-1, 66 
2015-05-06 17:09:14,532 DEBUG c.b.t.t.r.RunnableDemo [Thread-1] Thread: Thread-1, 65 
2015-05-06 17:09:14,532 DEBUG c.b.t.t.r.RunnableDemo [Thread-4] Thread: Thread-4, 65 
2015-05-06 17:09:14,532 DEBUG c.b.t.t.r.RunnableDemo [Thread-3] Thread: Thread-3, 65 
2015-05-06 17:09:14,532 DEBUG c.b.t.t.r.RunnableDemo [Thread-2] Thread: Thread-2, 65 
2015-05-06 17:09:14,533 DEBUG c.b.t.t.r.RunnableDemo [Thread-3] Thread: Thread-3, 64 
2015-05-06 17:09:14,533 DEBUG c.b.t.t.r.RunnableDemo [Thread-1] Thread: Thread-1, 64 
2015-05-06 17:09:14,533 DEBUG c.b.t.t.r.RunnableDemo [Thread-4] Thread: Thread-4, 64 
2015-05-06 17:09:14,533 DEBUG c.b.t.t.r.RunnableDemo [Thread-2] Thread: Thread-2, 64 
2015-05-06 17:09:14,534 DEBUG c.b.t.t.r.RunnableDemo [Thread-1] Thread: Thread-1, 63 
2015-05-06 17:09:14,534 DEBUG c.b.t.t.r.RunnableDemo [Thread-3] Thread: Thread-3, 63 
2015-05-06 17:09:14,534 DEBUG c.b.t.t.r.RunnableDemo [Thread-4] Thread: Thread-4, 63 
2015-05-06 17:09:14,534 DEBUG c.b.t.t.r.RunnableDemo [Thread-2] Thread: Thread-2, 63 
2015-05-06 17:09:14,535 DEBUG c.b.t.t.r.RunnableDemo [Thread-1] Thread: Thread-1, 62 
2015-05-06 17:09:14,535 DEBUG c.b.t.t.r.RunnableDemo [Thread-3] Thread: Thread-3, 62 
2015-05-06 17:09:14,535 DEBUG c.b.t.t.r.RunnableDemo [Thread-2] Thread: Thread-2, 62 
2015-05-06 17:09:14,535 DEBUG c.b.t.t.r.RunnableDemo [Thread-4] Thread: Thread-4, 62 
2015-05-06 17:09:14,536 DEBUG c.b.t.t.r.RunnableDemo [Thread-3] Thread: Thread-3, 61 
2015-05-06 17:09:14,536 DEBUG c.b.t.t.r.RunnableDemo [Thread-4] Thread: Thread-4, 61 
2015-05-06 17:09:14,536 DEBUG c.b.t.t.r.RunnableDemo [Thread-2] Thread: Thread-2, 61 
2015-05-06 17:09:14,536 DEBUG c.b.t.t.r.RunnableDemo [Thread-1] Thread: Thread-1, 61 
2015-05-06 17:09:14,537 DEBUG c.b.t.t.r.RunnableDemo [Thread-1] Thread: Thread-1, 60 
2015-05-06 17:09:14,537 DEBUG c.b.t.t.r.RunnableDemo [Thread-2] Thread: Thread-2, 60 
2015-05-06 17:09:14,537 DEBUG c.b.t.t.r.RunnableDemo [Thread-3] Thread: Thread-3, 60 
2015-05-06 17:09:14,537 DEBUG c.b.t.t.r.RunnableDemo [Thread-4] Thread: Thread-4, 60 
2015-05-06 17:09:14,538 DEBUG c.b.t.t.r.RunnableDemo [Thread-2] Thread: Thread-2, 59 
2015-05-06 17:09:14,538 DEBUG c.b.t.t.r.RunnableDemo [Thread-3] Thread: Thread-3, 59 
2015-05-06 17:09:14,538 DEBUG c.b.t.t.r.RunnableDemo [Thread-1] Thread: Thread-1, 59 
2015-05-06 17:09:14,538 DEBUG c.b.t.t.r.RunnableDemo [Thread-4] Thread: Thread-4, 59 
2015-05-06 17:09:14,539 DEBUG c.b.t.t.r.RunnableDemo [Thread-4] Thread: Thread-4, 58 
2015-05-06 17:09:14,539 DEBUG c.b.t.t.r.RunnableDemo [Thread-3] Thread: Thread-3, 58 
2015-05-06 17:09:14,539 DEBUG c.b.t.t.r.RunnableDemo [Thread-1] Thread: Thread-1, 58 
2015-05-06 17:09:14,539 DEBUG c.b.t.t.r.RunnableDemo [Thread-2] Thread: Thread-2, 58 
2015-05-06 17:09:14,540 DEBUG c.b.t.t.r.RunnableDemo [Thread-3] Thread: Thread-3, 57 
2015-05-06 17:09:14,540 DEBUG c.b.t.t.r.RunnableDemo [Thread-2] Thread: Thread-2, 57 
2015-05-06 17:09:14,540 DEBUG c.b.t.t.r.RunnableDemo [Thread-4] Thread: Thread-4, 57 
2015-05-06 17:09:14,540 DEBUG c.b.t.t.r.RunnableDemo [Thread-1] Thread: Thread-1, 57 
2015-05-06 17:09:14,541 DEBUG c.b.t.t.r.RunnableDemo [Thread-4] Thread: Thread-4, 56 
2015-05-06 17:09:14,541 DEBUG c.b.t.t.r.RunnableDemo [Thread-2] Thread: Thread-2, 56 
2015-05-06 17:09:14,541 DEBUG c.b.t.t.r.RunnableDemo [Thread-1] Thread: Thread-1, 56 
2015-05-06 17:09:14,541 DEBUG c.b.t.t.r.RunnableDemo [Thread-3] Thread: Thread-3, 56 
2015-05-06 17:09:14,542 DEBUG c.b.t.t.r.RunnableDemo [Thread-2] Thread: Thread-2, 55 
2015-05-06 17:09:14,542 DEBUG c.b.t.t.r.RunnableDemo [Thread-3] Thread: Thread-3, 55 
2015-05-06 17:09:14,542 DEBUG c.b.t.t.r.RunnableDemo [Thread-4] Thread: Thread-4, 55 
2015-05-06 17:09:14,542 DEBUG c.b.t.t.r.RunnableDemo [Thread-1] Thread: Thread-1, 55 
2015-05-06 17:09:14,543 DEBUG c.b.t.t.r.RunnableDemo [Thread-4] Thread: Thread-4, 54 
2015-05-06 17:09:14,543 DEBUG c.b.t.t.r.RunnableDemo [Thread-3] Thread: Thread-3, 54 
2015-05-06 17:09:14,543 DEBUG c.b.t.t.r.RunnableDemo [Thread-2] Thread: Thread-2, 54 
2015-05-06 17:09:14,543 DEBUG c.b.t.t.r.RunnableDemo [Thread-1] Thread: Thread-1, 54 
2015-05-06 17:09:14,544 DEBUG c.b.t.t.r.RunnableDemo [Thread-1] Thread: Thread-1, 53 
2015-05-06 17:09:14,544 DEBUG c.b.t.t.r.RunnableDemo [Thread-3] Thread: Thread-3, 53 
2015-05-06 17:09:14,544 DEBUG c.b.t.t.r.RunnableDemo [Thread-2] Thread: Thread-2, 53 
2015-05-06 17:09:14,544 DEBUG c.b.t.t.r.RunnableDemo [Thread-4] Thread: Thread-4, 53 
2015-05-06 17:09:14,545 DEBUG c.b.t.t.r.RunnableDemo [Thread-1] Thread: Thread-1, 52 
2015-05-06 17:09:14,545 DEBUG c.b.t.t.r.RunnableDemo [Thread-4] Thread: Thread-4, 52 
2015-05-06 17:09:14,545 DEBUG c.b.t.t.r.RunnableDemo [Thread-3] Thread: Thread-3, 52 
2015-05-06 17:09:14,545 DEBUG c.b.t.t.r.RunnableDemo [Thread-2] Thread: Thread-2, 52 
2015-05-06 17:09:14,546 DEBUG c.b.t.t.r.RunnableDemo [Thread-2] Thread: Thread-2, 51 
2015-05-06 17:09:14,546 DEBUG c.b.t.t.r.RunnableDemo [Thread-3] Thread: Thread-3, 51 
2015-05-06 17:09:14,546 DEBUG c.b.t.t.r.RunnableDemo [Thread-4] Thread: Thread-4, 51 
2015-05-06 17:09:14,546 DEBUG c.b.t.t.r.RunnableDemo [Thread-1] Thread: Thread-1, 51 
2015-05-06 17:09:14,547 DEBUG c.b.t.t.r.RunnableDemo [Thread-4] Thread: Thread-4, 50 
2015-05-06 17:09:14,547 DEBUG c.b.t.t.r.RunnableDemo [Thread-2] Thread: Thread-2, 50 
2015-05-06 17:09:14,547 DEBUG c.b.t.t.r.RunnableDemo [Thread-3] Thread: Thread-3, 50 
2015-05-06 17:09:14,547 DEBUG c.b.t.t.r.RunnableDemo [Thread-1] Thread: Thread-1, 50 
2015-05-06 17:09:14,548 DEBUG c.b.t.t.r.RunnableDemo [Thread-4] Thread: Thread-4, 49 
2015-05-06 17:09:14,548 DEBUG c.b.t.t.r.RunnableDemo [Thread-1] Thread: Thread-1, 49 
2015-05-06 17:09:14,548 DEBUG c.b.t.t.r.RunnableDemo [Thread-3] Thread: Thread-3, 49 
2015-05-06 17:09:14,548 DEBUG c.b.t.t.r.RunnableDemo [Thread-2] Thread: Thread-2, 49 
2015-05-06 17:09:14,549 DEBUG c.b.t.t.r.RunnableDemo [Thread-4] Thread: Thread-4, 48 
2015-05-06 17:09:14,549 DEBUG c.b.t.t.r.RunnableDemo [Thread-1] Thread: Thread-1, 48 
2015-05-06 17:09:14,549 DEBUG c.b.t.t.r.RunnableDemo [Thread-3] Thread: Thread-3, 48 
2015-05-06 17:09:14,549 DEBUG c.b.t.t.r.RunnableDemo [Thread-2] Thread: Thread-2, 48 
2015-05-06 17:09:14,550 DEBUG c.b.t.t.r.RunnableDemo [Thread-2] Thread: Thread-2, 47 
2015-05-06 17:09:14,550 DEBUG c.b.t.t.r.RunnableDemo [Thread-3] Thread: Thread-3, 47 
2015-05-06 17:09:14,550 DEBUG c.b.t.t.r.RunnableDemo [Thread-4] Thread: Thread-4, 47 
2015-05-06 17:09:14,550 DEBUG c.b.t.t.r.RunnableDemo [Thread-1] Thread: Thread-1, 47 
2015-05-06 17:09:14,551 DEBUG c.b.t.t.r.RunnableDemo [Thread-2] Thread: Thread-2, 46 
2015-05-06 17:09:14,551 DEBUG c.b.t.t.r.RunnableDemo [Thread-3] Thread: Thread-3, 46 
2015-05-06 17:09:14,551 DEBUG c.b.t.t.r.RunnableDemo [Thread-4] Thread: Thread-4, 46 
2015-05-06 17:09:14,551 DEBUG c.b.t.t.r.RunnableDemo [Thread-1] Thread: Thread-1, 46 
2015-05-06 17:09:14,552 DEBUG c.b.t.t.r.RunnableDemo [Thread-4] Thread: Thread-4, 45 
2015-05-06 17:09:14,552 DEBUG c.b.t.t.r.RunnableDemo [Thread-3] Thread: Thread-3, 45 
2015-05-06 17:09:14,552 DEBUG c.b.t.t.r.RunnableDemo [Thread-1] Thread: Thread-1, 45 
2015-05-06 17:09:14,552 DEBUG c.b.t.t.r.RunnableDemo [Thread-2] Thread: Thread-2, 45 
2015-05-06 17:09:14,553 DEBUG c.b.t.t.r.RunnableDemo [Thread-4] Thread: Thread-4, 44 
2015-05-06 17:09:14,553 DEBUG c.b.t.t.r.RunnableDemo [Thread-2] Thread: Thread-2, 44 
2015-05-06 17:09:14,553 DEBUG c.b.t.t.r.RunnableDemo [Thread-3] Thread: Thread-3, 44 
2015-05-06 17:09:14,553 DEBUG c.b.t.t.r.RunnableDemo [Thread-1] Thread: Thread-1, 44 
2015-05-06 17:09:14,554 DEBUG c.b.t.t.r.RunnableDemo [Thread-4] Thread: Thread-4, 43 
2015-05-06 17:09:14,554 DEBUG c.b.t.t.r.RunnableDemo [Thread-1] Thread: Thread-1, 43 
2015-05-06 17:09:14,554 DEBUG c.b.t.t.r.RunnableDemo [Thread-3] Thread: Thread-3, 43 
2015-05-06 17:09:14,554 DEBUG c.b.t.t.r.RunnableDemo [Thread-2] Thread: Thread-2, 43 
2015-05-06 17:09:14,555 DEBUG c.b.t.t.r.RunnableDemo [Thread-1] Thread: Thread-1, 42 
2015-05-06 17:09:14,555 DEBUG c.b.t.t.r.RunnableDemo [Thread-2] Thread: Thread-2, 42 
2015-05-06 17:09:14,555 DEBUG c.b.t.t.r.RunnableDemo [Thread-4] Thread: Thread-4, 42 
2015-05-06 17:09:14,555 DEBUG c.b.t.t.r.RunnableDemo [Thread-3] Thread: Thread-3, 42 
2015-05-06 17:09:14,556 DEBUG c.b.t.t.r.RunnableDemo [Thread-2] Thread: Thread-2, 41 
2015-05-06 17:09:14,556 DEBUG c.b.t.t.r.RunnableDemo [Thread-4] Thread: Thread-4, 41 
2015-05-06 17:09:14,556 DEBUG c.b.t.t.r.RunnableDemo [Thread-3] Thread: Thread-3, 41 
2015-05-06 17:09:14,556 DEBUG c.b.t.t.r.RunnableDemo [Thread-1] Thread: Thread-1, 41 
2015-05-06 17:09:14,557 DEBUG c.b.t.t.r.RunnableDemo [Thread-2] Thread: Thread-2, 40 
2015-05-06 17:09:14,557 DEBUG c.b.t.t.r.RunnableDemo [Thread-4] Thread: Thread-4, 40 
2015-05-06 17:09:14,557 DEBUG c.b.t.t.r.RunnableDemo [Thread-1] Thread: Thread-1, 40 
2015-05-06 17:09:14,557 DEBUG c.b.t.t.r.RunnableDemo [Thread-3] Thread: Thread-3, 40 
2015-05-06 17:09:14,558 DEBUG c.b.t.t.r.RunnableDemo [Thread-4] Thread: Thread-4, 39 
2015-05-06 17:09:14,558 DEBUG c.b.t.t.r.RunnableDemo [Thread-3] Thread: Thread-3, 39 
2015-05-06 17:09:14,558 DEBUG c.b.t.t.r.RunnableDemo [Thread-2] Thread: Thread-2, 39 
2015-05-06 17:09:14,558 DEBUG c.b.t.t.r.RunnableDemo [Thread-1] Thread: Thread-1, 39 
2015-05-06 17:09:14,559 DEBUG c.b.t.t.r.RunnableDemo [Thread-2] Thread: Thread-2, 38 
2015-05-06 17:09:14,559 DEBUG c.b.t.t.r.RunnableDemo [Thread-4] Thread: Thread-4, 38 
2015-05-06 17:09:14,559 DEBUG c.b.t.t.r.RunnableDemo [Thread-3] Thread: Thread-3, 38 
2015-05-06 17:09:14,559 DEBUG c.b.t.t.r.RunnableDemo [Thread-1] Thread: Thread-1, 38 
2015-05-06 17:09:14,560 DEBUG c.b.t.t.r.RunnableDemo [Thread-3] Thread: Thread-3, 37 
2015-05-06 17:09:14,560 DEBUG c.b.t.t.r.RunnableDemo [Thread-4] Thread: Thread-4, 37 
2015-05-06 17:09:14,560 DEBUG c.b.t.t.r.RunnableDemo [Thread-2] Thread: Thread-2, 37 
2015-05-06 17:09:14,560 DEBUG c.b.t.t.r.RunnableDemo [Thread-1] Thread: Thread-1, 37 
2015-05-06 17:09:14,561 DEBUG c.b.t.t.r.RunnableDemo [Thread-3] Thread: Thread-3, 36 
2015-05-06 17:09:14,561 DEBUG c.b.t.t.r.RunnableDemo [Thread-2] Thread: Thread-2, 36 
2015-05-06 17:09:14,561 DEBUG c.b.t.t.r.RunnableDemo [Thread-4] Thread: Thread-4, 36 
2015-05-06 17:09:14,561 DEBUG c.b.t.t.r.RunnableDemo [Thread-1] Thread: Thread-1, 36 
2015-05-06 17:09:14,562 DEBUG c.b.t.t.r.RunnableDemo [Thread-2] Thread: Thread-2, 35 
2015-05-06 17:09:14,562 DEBUG c.b.t.t.r.RunnableDemo [Thread-1] Thread: Thread-1, 35 
2015-05-06 17:09:14,562 DEBUG c.b.t.t.r.RunnableDemo [Thread-3] Thread: Thread-3, 35 
2015-05-06 17:09:14,562 DEBUG c.b.t.t.r.RunnableDemo [Thread-4] Thread: Thread-4, 35 
2015-05-06 17:09:14,563 DEBUG c.b.t.t.r.RunnableDemo [Thread-4] Thread: Thread-4, 34 
2015-05-06 17:09:14,563 DEBUG c.b.t.t.r.RunnableDemo [Thread-2] Thread: Thread-2, 34 
2015-05-06 17:09:14,563 DEBUG c.b.t.t.r.RunnableDemo [Thread-3] Thread: Thread-3, 34 
2015-05-06 17:09:14,563 DEBUG c.b.t.t.r.RunnableDemo [Thread-1] Thread: Thread-1, 34 
2015-05-06 17:09:14,564 DEBUG c.b.t.t.r.RunnableDemo [Thread-3] Thread: Thread-3, 33 
2015-05-06 17:09:14,564 DEBUG c.b.t.t.r.RunnableDemo [Thread-1] Thread: Thread-1, 33 
2015-05-06 17:09:14,564 DEBUG c.b.t.t.r.RunnableDemo [Thread-4] Thread: Thread-4, 33 
2015-05-06 17:09:14,564 DEBUG c.b.t.t.r.RunnableDemo [Thread-2] Thread: Thread-2, 33 
2015-05-06 17:09:14,565 DEBUG c.b.t.t.r.RunnableDemo [Thread-4] Thread: Thread-4, 32 
2015-05-06 17:09:14,565 DEBUG c.b.t.t.r.RunnableDemo [Thread-2] Thread: Thread-2, 32 
2015-05-06 17:09:14,565 DEBUG c.b.t.t.r.RunnableDemo [Thread-3] Thread: Thread-3, 32 
2015-05-06 17:09:14,565 DEBUG c.b.t.t.r.RunnableDemo [Thread-1] Thread: Thread-1, 32 
2015-05-06 17:09:14,566 DEBUG c.b.t.t.r.RunnableDemo [Thread-4] Thread: Thread-4, 31 
2015-05-06 17:09:14,566 DEBUG c.b.t.t.r.RunnableDemo [Thread-2] Thread: Thread-2, 31 
2015-05-06 17:09:14,566 DEBUG c.b.t.t.r.RunnableDemo [Thread-3] Thread: Thread-3, 31 
2015-05-06 17:09:14,566 DEBUG c.b.t.t.r.RunnableDemo [Thread-1] Thread: Thread-1, 31 
2015-05-06 17:09:14,567 DEBUG c.b.t.t.r.RunnableDemo [Thread-3] Thread: Thread-3, 30 
2015-05-06 17:09:14,567 DEBUG c.b.t.t.r.RunnableDemo [Thread-4] Thread: Thread-4, 30 
2015-05-06 17:09:14,567 DEBUG c.b.t.t.r.RunnableDemo [Thread-1] Thread: Thread-1, 30 
2015-05-06 17:09:14,567 DEBUG c.b.t.t.r.RunnableDemo [Thread-2] Thread: Thread-2, 30 
2015-05-06 17:09:14,568 DEBUG c.b.t.t.r.RunnableDemo [Thread-2] Thread: Thread-2, 29 
2015-05-06 17:09:14,568 DEBUG c.b.t.t.r.RunnableDemo [Thread-4] Thread: Thread-4, 29 
2015-05-06 17:09:14,568 DEBUG c.b.t.t.r.RunnableDemo [Thread-3] Thread: Thread-3, 29 
2015-05-06 17:09:14,568 DEBUG c.b.t.t.r.RunnableDemo [Thread-1] Thread: Thread-1, 29 
2015-05-06 17:09:14,569 DEBUG c.b.t.t.r.RunnableDemo [Thread-3] Thread: Thread-3, 28 
2015-05-06 17:09:14,569 DEBUG c.b.t.t.r.RunnableDemo [Thread-4] Thread: Thread-4, 28 
2015-05-06 17:09:14,569 DEBUG c.b.t.t.r.RunnableDemo [Thread-1] Thread: Thread-1, 28 
2015-05-06 17:09:14,569 DEBUG c.b.t.t.r.RunnableDemo [Thread-2] Thread: Thread-2, 28 
2015-05-06 17:09:14,570 DEBUG c.b.t.t.r.RunnableDemo [Thread-3] Thread: Thread-3, 27 
2015-05-06 17:09:14,570 DEBUG c.b.t.t.r.RunnableDemo [Thread-4] Thread: Thread-4, 27 
2015-05-06 17:09:14,570 DEBUG c.b.t.t.r.RunnableDemo [Thread-2] Thread: Thread-2, 27 
2015-05-06 17:09:14,570 DEBUG c.b.t.t.r.RunnableDemo [Thread-1] Thread: Thread-1, 27 
2015-05-06 17:09:14,571 DEBUG c.b.t.t.r.RunnableDemo [Thread-4] Thread: Thread-4, 26 
2015-05-06 17:09:14,571 DEBUG c.b.t.t.r.RunnableDemo [Thread-3] Thread: Thread-3, 26 
2015-05-06 17:09:14,571 DEBUG c.b.t.t.r.RunnableDemo [Thread-1] Thread: Thread-1, 26 
2015-05-06 17:09:14,571 DEBUG c.b.t.t.r.RunnableDemo [Thread-2] Thread: Thread-2, 26 
2015-05-06 17:09:14,572 DEBUG c.b.t.t.r.RunnableDemo [Thread-4] Thread: Thread-4, 25 
2015-05-06 17:09:14,572 DEBUG c.b.t.t.r.RunnableDemo [Thread-1] Thread: Thread-1, 25 
2015-05-06 17:09:14,572 DEBUG c.b.t.t.r.RunnableDemo [Thread-3] Thread: Thread-3, 25 
2015-05-06 17:09:14,572 DEBUG c.b.t.t.r.RunnableDemo [Thread-2] Thread: Thread-2, 25 
2015-05-06 17:09:14,573 DEBUG c.b.t.t.r.RunnableDemo [Thread-4] Thread: Thread-4, 24 
2015-05-06 17:09:14,573 DEBUG c.b.t.t.r.RunnableDemo [Thread-2] Thread: Thread-2, 24 
2015-05-06 17:09:14,573 DEBUG c.b.t.t.r.RunnableDemo [Thread-3] Thread: Thread-3, 24 
2015-05-06 17:09:14,573 DEBUG c.b.t.t.r.RunnableDemo [Thread-1] Thread: Thread-1, 24 
2015-05-06 17:09:14,574 DEBUG c.b.t.t.r.RunnableDemo [Thread-3] Thread: Thread-3, 23 
2015-05-06 17:09:14,574 DEBUG c.b.t.t.r.RunnableDemo [Thread-4] Thread: Thread-4, 23 
2015-05-06 17:09:14,574 DEBUG c.b.t.t.r.RunnableDemo [Thread-2] Thread: Thread-2, 23 
2015-05-06 17:09:14,574 DEBUG c.b.t.t.r.RunnableDemo [Thread-1] Thread: Thread-1, 23 
2015-05-06 17:09:14,575 DEBUG c.b.t.t.r.RunnableDemo [Thread-4] Thread: Thread-4, 22 
2015-05-06 17:09:14,575 DEBUG c.b.t.t.r.RunnableDemo [Thread-3] Thread: Thread-3, 22 
2015-05-06 17:09:14,575 DEBUG c.b.t.t.r.RunnableDemo [Thread-1] Thread: Thread-1, 22 
2015-05-06 17:09:14,575 DEBUG c.b.t.t.r.RunnableDemo [Thread-2] Thread: Thread-2, 22 
2015-05-06 17:09:14,576 DEBUG c.b.t.t.r.RunnableDemo [Thread-2] Thread: Thread-2, 21 
2015-05-06 17:09:14,576 DEBUG c.b.t.t.r.RunnableDemo [Thread-3] Thread: Thread-3, 21 
2015-05-06 17:09:14,576 DEBUG c.b.t.t.r.RunnableDemo [Thread-1] Thread: Thread-1, 21 
2015-05-06 17:09:14,576 DEBUG c.b.t.t.r.RunnableDemo [Thread-4] Thread: Thread-4, 21 
2015-05-06 17:09:14,577 DEBUG c.b.t.t.r.RunnableDemo [Thread-3] Thread: Thread-3, 20 
2015-05-06 17:09:14,577 DEBUG c.b.t.t.r.RunnableDemo [Thread-1] Thread: Thread-1, 20 
2015-05-06 17:09:14,577 DEBUG c.b.t.t.r.RunnableDemo [Thread-2] Thread: Thread-2, 20 
2015-05-06 17:09:14,577 DEBUG c.b.t.t.r.RunnableDemo [Thread-4] Thread: Thread-4, 20 
2015-05-06 17:09:14,578 DEBUG c.b.t.t.r.RunnableDemo [Thread-3] Thread: Thread-3, 19 
2015-05-06 17:09:14,578 DEBUG c.b.t.t.r.RunnableDemo [Thread-2] Thread: Thread-2, 19 
2015-05-06 17:09:14,578 DEBUG c.b.t.t.r.RunnableDemo [Thread-4] Thread: Thread-4, 19 
2015-05-06 17:09:14,578 DEBUG c.b.t.t.r.RunnableDemo [Thread-1] Thread: Thread-1, 19 
2015-05-06 17:09:14,579 DEBUG c.b.t.t.r.RunnableDemo [Thread-3] Thread: Thread-3, 18 
2015-05-06 17:09:14,579 DEBUG c.b.t.t.r.RunnableDemo [Thread-2] Thread: Thread-2, 18 
2015-05-06 17:09:14,579 DEBUG c.b.t.t.r.RunnableDemo [Thread-1] Thread: Thread-1, 18 
2015-05-06 17:09:14,579 DEBUG c.b.t.t.r.RunnableDemo [Thread-4] Thread: Thread-4, 18 
2015-05-06 17:09:14,580 DEBUG c.b.t.t.r.RunnableDemo [Thread-3] Thread: Thread-3, 17 
2015-05-06 17:09:14,580 DEBUG c.b.t.t.r.RunnableDemo [Thread-2] Thread: Thread-2, 17 
2015-05-06 17:09:14,580 DEBUG c.b.t.t.r.RunnableDemo [Thread-4] Thread: Thread-4, 17 
2015-05-06 17:09:14,580 DEBUG c.b.t.t.r.RunnableDemo [Thread-1] Thread: Thread-1, 17 
2015-05-06 17:09:14,581 DEBUG c.b.t.t.r.RunnableDemo [Thread-2] Thread: Thread-2, 16 
2015-05-06 17:09:14,581 DEBUG c.b.t.t.r.RunnableDemo [Thread-1] Thread: Thread-1, 16 
2015-05-06 17:09:14,581 DEBUG c.b.t.t.r.RunnableDemo [Thread-3] Thread: Thread-3, 16 
2015-05-06 17:09:14,581 DEBUG c.b.t.t.r.RunnableDemo [Thread-4] Thread: Thread-4, 16 
2015-05-06 17:09:14,582 DEBUG c.b.t.t.r.RunnableDemo [Thread-2] Thread: Thread-2, 15 
2015-05-06 17:09:14,582 DEBUG c.b.t.t.r.RunnableDemo [Thread-3] Thread: Thread-3, 15 
2015-05-06 17:09:14,582 DEBUG c.b.t.t.r.RunnableDemo [Thread-1] Thread: Thread-1, 15 
2015-05-06 17:09:14,582 DEBUG c.b.t.t.r.RunnableDemo [Thread-4] Thread: Thread-4, 15 
2015-05-06 17:09:14,583 DEBUG c.b.t.t.r.RunnableDemo [Thread-3] Thread: Thread-3, 14 
2015-05-06 17:09:14,583 DEBUG c.b.t.t.r.RunnableDemo [Thread-2] Thread: Thread-2, 14 
2015-05-06 17:09:14,583 DEBUG c.b.t.t.r.RunnableDemo [Thread-1] Thread: Thread-1, 14 
2015-05-06 17:09:14,583 DEBUG c.b.t.t.r.RunnableDemo [Thread-4] Thread: Thread-4, 14 
2015-05-06 17:09:14,584 DEBUG c.b.t.t.r.RunnableDemo [Thread-3] Thread: Thread-3, 13 
2015-05-06 17:09:14,584 DEBUG c.b.t.t.r.RunnableDemo [Thread-4] Thread: Thread-4, 13 
2015-05-06 17:09:14,584 DEBUG c.b.t.t.r.RunnableDemo [Thread-1] Thread: Thread-1, 13 
2015-05-06 17:09:14,584 DEBUG c.b.t.t.r.RunnableDemo [Thread-2] Thread: Thread-2, 13 
2015-05-06 17:09:14,585 DEBUG c.b.t.t.r.RunnableDemo [Thread-4] Thread: Thread-4, 12 
2015-05-06 17:09:14,585 DEBUG c.b.t.t.r.RunnableDemo [Thread-2] Thread: Thread-2, 12 
2015-05-06 17:09:14,585 DEBUG c.b.t.t.r.RunnableDemo [Thread-3] Thread: Thread-3, 12 
2015-05-06 17:09:14,585 DEBUG c.b.t.t.r.RunnableDemo [Thread-1] Thread: Thread-1, 12 
2015-05-06 17:09:14,586 DEBUG c.b.t.t.r.RunnableDemo [Thread-3] Thread: Thread-3, 11 
2015-05-06 17:09:14,586 DEBUG c.b.t.t.r.RunnableDemo [Thread-2] Thread: Thread-2, 11 
2015-05-06 17:09:14,586 DEBUG c.b.t.t.r.RunnableDemo [Thread-1] Thread: Thread-1, 11 
2015-05-06 17:09:14,586 DEBUG c.b.t.t.r.RunnableDemo [Thread-4] Thread: Thread-4, 11 
2015-05-06 17:09:14,587 DEBUG c.b.t.t.r.RunnableDemo [Thread-2] Thread: Thread-2, 10 
2015-05-06 17:09:14,587 DEBUG c.b.t.t.r.RunnableDemo [Thread-3] Thread: Thread-3, 10 
2015-05-06 17:09:14,587 DEBUG c.b.t.t.r.RunnableDemo [Thread-4] Thread: Thread-4, 10 
2015-05-06 17:09:14,587 DEBUG c.b.t.t.r.RunnableDemo [Thread-1] Thread: Thread-1, 10 
2015-05-06 17:09:14,588 DEBUG c.b.t.t.r.RunnableDemo [Thread-3] Thread: Thread-3, 9 
2015-05-06 17:09:14,588 DEBUG c.b.t.t.r.RunnableDemo [Thread-2] Thread: Thread-2, 9 
2015-05-06 17:09:14,588 DEBUG c.b.t.t.r.RunnableDemo [Thread-4] Thread: Thread-4, 9 
2015-05-06 17:09:14,588 DEBUG c.b.t.t.r.RunnableDemo [Thread-1] Thread: Thread-1, 9 
2015-05-06 17:09:14,589 DEBUG c.b.t.t.r.RunnableDemo [Thread-1] Thread: Thread-1, 8 
2015-05-06 17:09:14,589 DEBUG c.b.t.t.r.RunnableDemo [Thread-4] Thread: Thread-4, 8 
2015-05-06 17:09:14,589 DEBUG c.b.t.t.r.RunnableDemo [Thread-2] Thread: Thread-2, 8 
2015-05-06 17:09:14,589 DEBUG c.b.t.t.r.RunnableDemo [Thread-3] Thread: Thread-3, 8 
2015-05-06 17:09:14,590 DEBUG c.b.t.t.r.RunnableDemo [Thread-3] Thread: Thread-3, 7 
2015-05-06 17:09:14,590 DEBUG c.b.t.t.r.RunnableDemo [Thread-2] Thread: Thread-2, 7 
2015-05-06 17:09:14,590 DEBUG c.b.t.t.r.RunnableDemo [Thread-1] Thread: Thread-1, 7 
2015-05-06 17:09:14,590 DEBUG c.b.t.t.r.RunnableDemo [Thread-4] Thread: Thread-4, 7 
2015-05-06 17:09:14,591 DEBUG c.b.t.t.r.RunnableDemo [Thread-3] Thread: Thread-3, 6 
2015-05-06 17:09:14,591 DEBUG c.b.t.t.r.RunnableDemo [Thread-4] Thread: Thread-4, 6 
2015-05-06 17:09:14,591 DEBUG c.b.t.t.r.RunnableDemo [Thread-2] Thread: Thread-2, 6 
2015-05-06 17:09:14,591 DEBUG c.b.t.t.r.RunnableDemo [Thread-1] Thread: Thread-1, 6 
2015-05-06 17:09:14,592 DEBUG c.b.t.t.r.RunnableDemo [Thread-1] Thread: Thread-1, 5 
2015-05-06 17:09:14,592 DEBUG c.b.t.t.r.RunnableDemo [Thread-2] Thread: Thread-2, 5 
2015-05-06 17:09:14,592 DEBUG c.b.t.t.r.RunnableDemo [Thread-3] Thread: Thread-3, 5 
2015-05-06 17:09:14,592 DEBUG c.b.t.t.r.RunnableDemo [Thread-4] Thread: Thread-4, 5 
2015-05-06 17:09:14,593 DEBUG c.b.t.t.r.RunnableDemo [Thread-3] Thread: Thread-3, 4 
2015-05-06 17:09:14,593 DEBUG c.b.t.t.r.RunnableDemo [Thread-2] Thread: Thread-2, 4 
2015-05-06 17:09:14,593 DEBUG c.b.t.t.r.RunnableDemo [Thread-1] Thread: Thread-1, 4 
2015-05-06 17:09:14,593 DEBUG c.b.t.t.r.RunnableDemo [Thread-4] Thread: Thread-4, 4 
2015-05-06 17:09:14,594 DEBUG c.b.t.t.r.RunnableDemo [Thread-3] Thread: Thread-3, 3 
2015-05-06 17:09:14,594 DEBUG c.b.t.t.r.RunnableDemo [Thread-1] Thread: Thread-1, 3 
2015-05-06 17:09:14,594 DEBUG c.b.t.t.r.RunnableDemo [Thread-2] Thread: Thread-2, 3 
2015-05-06 17:09:14,594 DEBUG c.b.t.t.r.RunnableDemo [Thread-4] Thread: Thread-4, 3 
2015-05-06 17:09:14,595 DEBUG c.b.t.t.r.RunnableDemo [Thread-3] Thread: Thread-3, 2 
2015-05-06 17:09:14,595 DEBUG c.b.t.t.r.RunnableDemo [Thread-2] Thread: Thread-2, 2 
2015-05-06 17:09:14,595 DEBUG c.b.t.t.r.RunnableDemo [Thread-1] Thread: Thread-1, 2 
2015-05-06 17:09:14,595 DEBUG c.b.t.t.r.RunnableDemo [Thread-4] Thread: Thread-4, 2 
2015-05-06 17:09:14,596 DEBUG c.b.t.t.r.RunnableDemo [Thread-1] Thread: Thread-1, 1 
2015-05-06 17:09:14,596 DEBUG c.b.t.t.r.RunnableDemo [Thread-2] Thread: Thread-2, 1 
2015-05-06 17:09:14,596 DEBUG c.b.t.t.r.RunnableDemo [Thread-3] Thread: Thread-3, 1 
2015-05-06 17:09:14,596 DEBUG c.b.t.t.r.RunnableDemo [Thread-4] Thread: Thread-4, 1 
2015-05-06 17:09:14,597 INFO c.b.t.t.r.RunnableDemo [Thread-4] Thread Thread-4 exiting. 
2015-05-06 17:09:14,597 INFO c.b.t.t.r.RunnableDemo [Thread-2] Thread Thread-2 exiting. 
2015-05-06 17:09:14,597 INFO c.b.t.t.r.RunnableDemo [Thread-3] Thread Thread-3 exiting. 
2015-05-06 17:09:14,597 INFO c.b.t.t.r.RunnableDemo [Thread-1] Thread Thread-1 exiting. 
